extDB2: Version: 70
extDB2: https://github.com/Torndeco/extDB2
extDB2: Windows Version
Message: All development for extDB2 is done on a Linux Dedicated Server
Message: If you would like to Donate to extDB2 Development
Message: https://www.paypal.com/cgi-bin/webscr?cmd=_s-xclick&hosted_button_id=2SUEFTGABTAM2
Message: Also leave a message if there is any particular feature you would like to see added.
Message: Thanks for all the people that have donated.
Message: Torndeco: 20/02/15


extDB2: Found extdb-conf.ini
extDB2: Detected 16 Cores, Setting up 6 Worker Threads


[15:58:56:551794 --4:00] [Thread 4764] extDB2: Database Type: MySQL
[15:58:56:565795 --4:00] [Thread 4764] extDB2: Database Session Pool Started
[15:58:56:721804 --4:00] [Thread 4764] extDB2: SQL_RAW_V2: Initialized: ADD_QUOTES True
[15:58:56:733804 --4:00] [Thread 4932] extDB2: SQL_RAW_V2: Error StatementException: MySQL: [MySQL]: [Comment]: mysql_stmt_execute error	[mysql_stmt_error]: The user specified as a definer ('arma3'@'localhost') does not exist	[mysql_stmt_errno]: 1449	[mysql_stmt_sqlstate]: HY000	[statemnt]: CALL resetLifeVehicles
[15:58:56:733804 --4:00] [Thread 4932] extDB2: SQL_RAW_V2: Error StatementException: SQL: CALL resetLifeVehicles
[15:58:56:743805 --4:00] [Thread 4164] extDB2: SQL_RAW_V2: Error StatementException: MySQL: [MySQL]: [Comment]: mysql_stmt_execute error	[mysql_stmt_error]: The user specified as a definer ('arma3'@'localhost') does not exist	[mysql_stmt_errno]: 1449	[mysql_stmt_sqlstate]: HY000	[statemnt]: CALL deleteDeadVehicles
[15:58:56:743805 --4:00] [Thread 3028] extDB2: SQL_RAW_V2: Error StatementException: MySQL: [MySQL]: [Comment]: mysql_stmt_execute error	[mysql_stmt_error]: The user specified as a definer ('arma3'@'localhost') does not exist	[mysql_stmt_errno]: 1449	[mysql_stmt_sqlstate]: HY000	[statemnt]: CALL deleteOldHouses
[15:58:56:743805 --4:00] [Thread 3028] extDB2: SQL_RAW_V2: Error StatementException: SQL: CALL deleteOldHouses
[15:58:56:743805 --4:00] [Thread 4164] extDB2: SQL_RAW_V2: Error StatementException: SQL: CALL deleteDeadVehicles
[15:58:56:744805 --4:00] [Thread 5116] extDB2: SQL_RAW_V2: Error StatementException: MySQL: [MySQL]: [Comment]: mysql_stmt_execute error	[mysql_stmt_error]: The user specified as a definer ('arma3'@'localhost') does not exist	[mysql_stmt_errno]: 1449	[mysql_stmt_sqlstate]: HY000	[statemnt]: CALL deleteOldGangs
[15:58:56:744805 --4:00] [Thread 5116] extDB2: SQL_RAW_V2: Error StatementException: SQL: CALL deleteOldGangs
[16:09:33:665235 --4:00] [Thread 4764] extDB2: Stopping ...
