extDB2: Version: 70
extDB2: https://github.com/Torndeco/extDB2
extDB2: Windows Version
Message: All development for extDB2 is done on a Linux Dedicated Server
Message: If you would like to Donate to extDB2 Development
Message: https://www.paypal.com/cgi-bin/webscr?cmd=_s-xclick&hosted_button_id=2SUEFTGABTAM2
Message: Also leave a message if there is any particular feature you would like to see added.
Message: Thanks for all the people that have donated.
Message: Torndeco: 20/02/15


extDB2: Found extdb-conf.ini
extDB2: Detected 16 Cores, Setting up 6 Worker Threads


[16:51:12:915376 --4:00] [Thread 4164] extDB2: Database Type: MySQL
[16:51:12:929377 --4:00] [Thread 4164] extDB2: Database Session Pool Started
[16:51:13:064384 --4:00] [Thread 4164] extDB2: SQL_RAW_V2: Initialized: ADD_QUOTES True
[16:51:13:075385 --4:00] [Thread 3196] extDB2: SQL_RAW_V2: Error StatementException: MySQL: [MySQL]: [Comment]: mysql_stmt_execute error	[mysql_stmt_error]: The user specified as a definer ('arma3'@'localhost') does not exist	[mysql_stmt_errno]: 1449	[mysql_stmt_sqlstate]: HY000	[statemnt]: CALL resetLifeVehicles
[16:51:13:075385 --4:00] [Thread 3196] extDB2: SQL_RAW_V2: Error StatementException: SQL: CALL resetLifeVehicles
[16:51:13:086386 --4:00] [Thread 4656] extDB2: SQL_RAW_V2: Error StatementException: MySQL: [MySQL]: [Comment]: mysql_stmt_execute error	[mysql_stmt_error]: The user specified as a definer ('arma3'@'localhost') does not exist	[mysql_stmt_errno]: 1449	[mysql_stmt_sqlstate]: HY000	[statemnt]: CALL deleteOldHouses
[16:51:13:086386 --4:00] [Thread 4140] extDB2: SQL_RAW_V2: Error StatementException: MySQL: [MySQL]: [Comment]: mysql_stmt_execute error	[mysql_stmt_error]: The user specified as a definer ('arma3'@'localhost') does not exist	[mysql_stmt_errno]: 1449	[mysql_stmt_sqlstate]: HY000	[statemnt]: CALL deleteDeadVehicles
[16:51:13:086386 --4:00] [Thread 4140] extDB2: SQL_RAW_V2: Error StatementException: SQL: CALL deleteDeadVehicles
[16:51:13:086386 --4:00] [Thread 4656] extDB2: SQL_RAW_V2: Error StatementException: SQL: CALL deleteOldHouses
[16:51:13:087386 --4:00] [Thread 2476] extDB2: SQL_RAW_V2: Error StatementException: MySQL: [MySQL]: [Comment]: mysql_stmt_execute error	[mysql_stmt_error]: The user specified as a definer ('arma3'@'localhost') does not exist	[mysql_stmt_errno]: 1449	[mysql_stmt_sqlstate]: HY000	[statemnt]: CALL deleteOldGangs
[16:51:13:087386 --4:00] [Thread 2476] extDB2: SQL_RAW_V2: Error StatementException: SQL: CALL deleteOldGangs
[16:54:41:524308 --4:00] [Thread 4164] extDB2: Stopping ...
